19.11.2021 00:07:46.784 [main] INFO   monopoly.Main - Игра началась
19.11.2021 00:07:46.796 [main] INFO   monopoly.Main - Ход игрока 1
19.11.2021 00:07:49.078 [main] INFO   monopoly.Main - На кубиках выпало число: 11
19.11.2021 00:07:49.082 [main] INFO   monopoly.Main - Игрок встал на поле: 'Facebook'
19.11.2021 00:07:49.083 [main] INFO   monopoly.Main - Ход игрока 2
19.11.2021 00:07:55.418 [main] INFO   monopoly.Main - Сохранение игры
19.11.2021 00:07:59.430 [main] INFO   monopoly.Main - Игрок сдался
19.11.2021 00:07:59.431 [main] INFO   monopoly.Main - Победил игрок 1
19.11.2021 00:07:59.431 [main] INFO   monopoly.Main - Новая игра
19.11.2021 00:08:05.568 [main] INFO   monopoly.Main - Ход игрока 1
19.11.2021 00:08:08.870 [main] INFO   monopoly.Main - На кубиках выпало число: 8
19.11.2021 00:08:08.874 [main] INFO   monopoly.Main - Игрок встал на поле: 'Coca-Cola'
19.11.2021 00:08:11.566 [main] INFO   monopoly.Main - Покупка поля
19.11.2021 00:08:11.566 [main] INFO   monopoly.Main - Ход игрока 2
19.11.2021 00:08:13.734 [main] INFO   monopoly.Main - На кубиках выпало число: 4
19.11.2021 00:08:13.734 [main] INFO   monopoly.Main - Игрок встал на поле:'Налог'
19.11.2021 00:08:16.405 [main] INFO   monopoly.Main - Оплата налога
19.11.2021 00:08:16.406 [main] INFO   monopoly.Main - Ход игрока 1
19.11.2021 00:08:19.640 [main] INFO   monopoly.Main - Сохранение игры
19.11.2021 00:08:23.327 [main] INFO   monopoly.Main - Игрок сдался
19.11.2021 00:08:23.327 [main] INFO   monopoly.Main - Победил игрок 2
19.11.2021 00:08:23.327 [main] INFO   monopoly.Main - Загрузка сохранения игры
19.11.2021 00:08:46.860 [main] INFO   monopoly.Main - Ход игрока 1
19.11.2021 00:09:21.559 [main] INFO   monopoly.Main - На кубиках выпало число: 9
19.11.2021 00:09:21.563 [main] INFO   monopoly.Main - Игрок встал на поле: 'Burger King'
19.11.2021 00:09:24.061 [main] INFO   monopoly.Main - Покупка поля
19.11.2021 00:09:24.062 [main] INFO   monopoly.Main - Ход игрока 2
19.11.2021 00:09:25.406 [main] INFO   monopoly.Main - На кубиках выпало число: 7
19.11.2021 00:09:25.406 [main] INFO   monopoly.Main - Игрок встал на поле: 'Facebook'
19.11.2021 00:09:27.560 [main] INFO   monopoly.Main - Оплата ренты
19.11.2021 00:09:27.560 [main] INFO   monopoly.Main - Ход игрока 1
19.11.2021 00:09:41.913 [main] INFO   monopoly.Main - Сохранение игры
19.11.2021 00:09:44.286 [main] INFO   monopoly.Main - Игрок сдался
19.11.2021 00:09:44.286 [main] INFO   monopoly.Main - Победил игрок 2
19.11.2021 00:09:44.286 [main] INFO   monopoly.Main - Загрузка сохранения игры
19.11.2021 00:09:59.641 [main] INFO   monopoly.Main - Ход игрока 1
19.11.2021 00:10:37.687 [main] INFO   monopoly.Main - На кубиках выпало число: 11
19.11.2021 00:10:37.691 [main] INFO   monopoly.Main - Игрок встал на поле: 'Nokia'
19.11.2021 00:10:39.277 [main] INFO   monopoly.Main - Покупка поля
19.11.2021 00:10:39.277 [main] INFO   monopoly.Main - Ход игрока 2
19.11.2021 00:10:41.664 [main] INFO   monopoly.Main - Сохранение игры
19.11.2021 00:10:55.721 [main] INFO   monopoly.Main - Ход игрока 1
19.11.2021 00:10:58.750 [main] INFO   monopoly.Main - На кубиках выпало число: 11
19.11.2021 00:10:58.755 [main] INFO   monopoly.Main - Игрок встал на поле: 'Тюрьма'
19.11.2021 00:11:00.650 [main] INFO   monopoly.Main - Покупка поля
19.11.2021 00:11:00.650 [main] INFO   monopoly.Main - Ход игрока 2
19.11.2021 00:11:03.334 [main] INFO   monopoly.Main - Игрок сдался
19.11.2021 00:11:03.335 [main] INFO   monopoly.Main - Победил игрок 1
19.11.2021 00:11:03.335 [main] INFO   monopoly.Main - Загрузка сохранения игры
19.11.2021 00:33:27.913 [main] INFO   monopoly.Main - Игра началась
19.11.2021 00:33:27.913 [main] INFO   monopoly.Main - Ход игрока 1
19.11.2021 00:33:29.373 [main] INFO   monopoly.Main - На кубиках выпало число: 9
19.11.2021 00:33:29.373 [main] INFO   monopoly.Main - Игрок встал на поле:'Nike'
19.11.2021 00:33:30.753 [main] INFO   monopoly.Main - Покупка поля
19.11.2021 00:33:30.753 [main] INFO   monopoly.Main - Ход игрока 2
19.11.2021 00:33:32.598 [main] INFO   monopoly.Main - Сохранение игры
19.11.2021 00:33:40.643 [main] INFO   monopoly.Main - Ход игрока 1
19.11.2021 00:35:42.334 [main] INFO   monopoly.Main - Игра началась
19.11.2021 00:35:42.343 [main] INFO   monopoly.Main - Ход игрока 1
19.11.2021 00:35:44.563 [main] INFO   monopoly.Main - На кубиках выпало число: 2
19.11.2021 00:35:44.563 [main] INFO   monopoly.Main - Игрок встал на поле:'Событие'
19.11.2021 00:35:44.568 [main] INFO   monopoly.Main - Получение вознаграждения в размере 1000
19.11.2021 00:35:44.568 [main] INFO   monopoly.Main - Ход игрока 2
19.11.2021 00:35:48.763 [main] INFO   monopoly.Main - Сохранение игры
19.11.2021 00:35:56.508 [main] INFO   monopoly.Main - Ход игрока 2
19.11.2021 00:36:00.363 [main] INFO   monopoly.Main - На кубиках выпало число: 5
19.11.2021 00:36:00.363 [main] INFO   monopoly.Main - Игрок встал на поле:'Mercedes-Benz'
19.11.2021 00:36:02.133 [main] INFO   monopoly.Main - Покупка поля
19.11.2021 00:36:02.133 [main] INFO   monopoly.Main - Ход игрока 1
19.11.2021 00:37:09.164 [main] INFO   monopoly.Main - Ход игрока 2
19.11.2021 01:01:05.568 [main] INFO   monopoly.Main - Игра началась
19.11.2021 01:01:05.575 [main] INFO   monopoly.Main - Ход игрока 1
19.11.2021 01:01:09.213 [main] INFO   monopoly.Main - На кубиках выпало число: 2
19.11.2021 01:01:09.217 [main] INFO   monopoly.Main - Игрок встал на поле:'Событие'
19.11.2021 01:01:09.218 [main] INFO   monopoly.Main - Перемещение на поле тюрьмы
19.11.2021 01:01:09.218 [main] INFO   monopoly.Main - Ход игрока 2
19.11.2021 01:01:16.201 [main] INFO   monopoly.Main - Сохранение игры
19.11.2021 01:01:38.052 [main] INFO   monopoly.Main - Ход игрока 2
19.11.2021 01:01:41.510 [main] INFO   monopoly.Main - На кубиках выпало число: 7
19.11.2021 01:01:41.514 [main] INFO   monopoly.Main - Игрок встал на поле:'Adidas'
19.11.2021 01:01:43.142 [main] INFO   monopoly.Main - Покупка поля
19.11.2021 01:01:43.142 [main] INFO   monopoly.Main - Ход игрока 2
19.11.2021 01:02:24.192 [main] INFO   monopoly.Main - Игра началась
19.11.2021 01:02:24.199 [main] INFO   monopoly.Main - Ход игрока 1
19.11.2021 01:02:25.671 [main] INFO   monopoly.Main - На кубиках выпало число: 2
19.11.2021 01:02:25.675 [main] INFO   monopoly.Main - Игрок встал на поле:'Событие'
19.11.2021 01:02:25.676 [main] INFO   monopoly.Main - Получение вознаграждения в размере 1000
19.11.2021 01:02:25.676 [main] INFO   monopoly.Main - Ход игрока 2
19.11.2021 01:02:28.388 [main] INFO   monopoly.Main - На кубиках выпало число: 10
19.11.2021 01:02:28.388 [main] INFO   monopoly.Main - Игрок встал на поле: 'Тюрьма'
19.11.2021 01:02:30.662 [main] INFO   monopoly.Main - Покупка поля
19.11.2021 01:02:30.662 [main] INFO   monopoly.Main - Ход игрока 1
19.11.2021 01:02:38.422 [main] INFO   monopoly.Main - На кубиках выпало число: 9
19.11.2021 01:02:38.422 [main] INFO   monopoly.Main - Игрок встал на поле: 'Facebook'
19.11.2021 01:02:39.613 [main] INFO   monopoly.Main - Покупка поля
19.11.2021 01:02:39.614 [main] INFO   monopoly.Main - Ход игрока 2
19.11.2021 01:02:41.816 [main] INFO   monopoly.Main - Сохранение игры
19.11.2021 01:02:49.875 [main] INFO   monopoly.Main - Ход игрока 2
19.11.2021 01:02:52.041 [main] INFO   monopoly.Main - На кубиках выпало число: 2
19.11.2021 01:02:52.044 [main] INFO   monopoly.Main - Игрок встал на поле: 'YouTube'
19.11.2021 01:02:53.525 [main] INFO   monopoly.Main - Покупка поля
19.11.2021 01:02:53.525 [main] INFO   monopoly.Main - Ход игрока 1
19.11.2021 01:02:56.957 [main] INFO   monopoly.Main - На кубиках выпало число: 8
19.11.2021 01:02:56.957 [main] INFO   monopoly.Main - Игрок встал на поле: 'Coca-Cola'
19.11.2021 01:02:59.303 [main] INFO   monopoly.Main - Покупка поля
19.11.2021 01:02:59.304 [main] INFO   monopoly.Main - Ход игрока 2
19.11.2021 01:03:06.709 [main] INFO   monopoly.Main - На кубиках выпало число: 8
19.11.2021 01:03:06.709 [main] INFO   monopoly.Main - Игрок встал на поле: 'Казино'
19.11.2021 01:03:06.709 [main] INFO   monopoly.Main - Ход игрока 1
19.11.2021 01:03:11.143 [main] INFO   monopoly.Main - Сохранение игры
19.11.2021 01:03:21.084 [main] INFO   monopoly.Main - Ход игрока 1
19.11.2021 01:03:24.055 [main] INFO   monopoly.Main - На кубиках выпало число: 4
19.11.2021 01:03:24.059 [main] INFO   monopoly.Main - Игрок встал на поле: 'Событие'
19.11.2021 01:03:24.060 [main] INFO   monopoly.Main - Перемещение на поле тюрьмы
19.11.2021 01:03:24.060 [main] INFO   monopoly.Main - Ход игрока 2
19.11.2021 01:03:33.783 [main] INFO   monopoly.Main - Сохранение игры
19.11.2021 01:03:40.743 [main] INFO   monopoly.Main - Ход игрока 2
19.11.2021 20:40:36.306 [main] INFO   monopoly.Main - Игра началась
19.11.2021 20:40:36.323 [main] INFO   monopoly.Main - Ход игрока 1
19.11.2021 20:40:38.147 [main] INFO   monopoly.Main - На кубиках выпало число: 5
19.11.2021 20:40:38.151 [main] INFO   monopoly.Main - Игрок встал на поле:'Mercedes-Benz'
19.11.2021 20:40:43.741 [main] INFO   monopoly.Main - Покупка поля
19.11.2021 20:40:43.741 [main] INFO   monopoly.Main - Ход игрока 2
19.11.2021 20:40:46.562 [main] INFO   monopoly.Main - На кубиках выпало число: 11
19.11.2021 20:40:46.562 [main] INFO   monopoly.Main - Игрок встал на поле: 'Facebook'
19.11.2021 20:40:48.002 [main] INFO   monopoly.Main - Покупка поля
19.11.2021 20:40:48.003 [main] INFO   monopoly.Main - Ход игрока 3
19.11.2021 20:40:49.779 [main] INFO   monopoly.Main - На кубиках выпало число: 7
19.11.2021 20:40:49.779 [main] INFO   monopoly.Main - Игрок встал на поле:'Adidas'
19.11.2021 20:40:51.266 [main] INFO   monopoly.Main - Покупка поля
19.11.2021 20:40:51.266 [main] INFO   monopoly.Main - Ход игрока 1
