18.11.2021 22:30:52.063 [main] INFO   monopoly.Main - Игра началась
18.11.2021 22:30:52.133 [main] INFO   monopoly.Main - Ход игрока 1
18.11.2021 22:30:54.533 [main] INFO   monopoly.Main - На кубиках выпало число: 10
18.11.2021 22:30:54.538 [main] INFO   monopoly.Main - Игрок встал на поле: 'Тюрьма'
18.11.2021 22:30:56.234 [main] INFO   monopoly.Main - Покупка поля
18.11.2021 22:30:56.234 [main] INFO   monopoly.Main - Ход игрока 2
18.11.2021 22:31:02.343 [main] INFO   monopoly.Main - Сохранение игры
18.11.2021 22:31:07.934 [main] INFO   monopoly.Main - На кубиках выпало число: 9
18.11.2021 22:31:07.934 [main] INFO   monopoly.Main - Игрок встал на поле:'Nike'
18.11.2021 22:31:16.303 [main] INFO   monopoly.Main - Игрок сдался
18.11.2021 22:31:16.303 [main] INFO   monopoly.Main - Ход игрока 3
18.11.2021 22:31:32.203 [main] INFO   monopoly.Main - Игрок сдался
18.11.2021 22:31:32.203 [main] INFO   monopoly.Main - Победил игрок 1
18.11.2021 22:33:10.053 [main] INFO   monopoly.Main - Игра началась
18.11.2021 22:33:10.058 [main] INFO   monopoly.Main - Ход игрока 1
18.11.2021 22:33:11.400 [main] INFO   monopoly.Main - На кубиках выпало число: 3
18.11.2021 22:33:11.404 [main] INFO   monopoly.Main - Игрок встал на поле:'Chanel'
18.11.2021 22:33:12.544 [main] INFO   monopoly.Main - Покупка поля
18.11.2021 22:33:12.544 [main] INFO   monopoly.Main - Ход игрока 2
18.11.2021 22:33:13.395 [main] INFO   monopoly.Main - На кубиках выпало число: 3
18.11.2021 22:33:13.395 [main] INFO   monopoly.Main - Игрок встал на поле:'Chanel'
18.11.2021 22:33:14.453 [main] INFO   monopoly.Main - Оплата ренты
18.11.2021 22:33:14.453 [main] INFO   monopoly.Main - Ход игрока 1
18.11.2021 22:33:41.943 [main] INFO   monopoly.Main - На кубиках выпало число: 6
18.11.2021 22:33:41.943 [main] INFO   monopoly.Main - Игрок встал на поле:'Nike'
18.11.2021 22:33:41.943 [main] INFO   monopoly.Main - Ход игрока 2
18.11.2021 22:33:50.424 [main] INFO   monopoly.Main - На кубиках выпало число: 6
18.11.2021 22:33:50.424 [main] INFO   monopoly.Main - Игрок встал на поле:'Nike'
18.11.2021 22:33:52.723 [main] INFO   monopoly.Main - Оплата ренты
18.11.2021 22:33:52.723 [main] INFO   monopoly.Main - Ход игрока 1
18.11.2021 22:34:04.133 [main] INFO   monopoly.Main - Построение филиала
18.11.2021 22:45:31.773 [main] INFO   monopoly.Main - Игра началась
18.11.2021 22:45:31.778 [main] INFO   monopoly.Main - Ход игрока 1
18.11.2021 22:45:59.264 [main] INFO   monopoly.Main - Игра началась
18.11.2021 22:45:59.273 [main] INFO   monopoly.Main - Ход игрока 1
18.11.2021 22:46:06.184 [main] INFO   monopoly.Main - Построение филиала
18.11.2021 22:46:16.823 [main] INFO   monopoly.Main - На кубиках выпало число: 10
18.11.2021 22:46:16.828 [main] INFO   monopoly.Main - Игрок встал на поле: 'Тюрьма'
18.11.2021 22:46:18.223 [main] INFO   monopoly.Main - Покупка поля
18.11.2021 22:46:18.223 [main] INFO   monopoly.Main - Ход игрока 2
18.11.2021 22:46:19.983 [main] INFO   monopoly.Main - На кубиках выпало число: 8
18.11.2021 22:46:19.983 [main] INFO   monopoly.Main - Игрок встал на поле:'Событие'
18.11.2021 22:46:19.983 [main] INFO   monopoly.Main - Пропуск следующего хода
18.11.2021 22:46:19.983 [main] INFO   monopoly.Main - Ход игрока 1
18.11.2021 22:46:37.445 [main] INFO   monopoly.Main - Построение филиала
18.11.2021 22:46:41.363 [main] INFO   monopoly.Main - На кубиках выпало число: 3
18.11.2021 22:46:41.363 [main] INFO   monopoly.Main - Игрок встал на поле: 'Событие'
18.11.2021 22:46:41.363 [main] INFO   monopoly.Main - Получение вознаграждения в размере 1000
18.11.2021 22:46:41.363 [main] INFO   monopoly.Main - Ход игрока 1
18.11.2021 22:46:44.013 [main] INFO   monopoly.Main - Игрок сдался
18.11.2021 22:46:44.013 [main] INFO   monopoly.Main - Победил игрок 2
18.11.2021 22:47:56.623 [main] INFO   monopoly.Main - Игра началась
18.11.2021 22:47:56.623 [main] INFO   monopoly.Main - Ход игрока 1
18.11.2021 22:47:57.723 [main] INFO   monopoly.Main - На кубиках выпало число: 4
18.11.2021 22:47:57.723 [main] INFO   monopoly.Main - Игрок встал на поле:'Налог'
18.11.2021 22:48:00.583 [main] INFO   monopoly.Main - Оплата налога
18.11.2021 22:48:00.583 [main] INFO   monopoly.Main - Ход игрока 2
18.11.2021 22:48:02.474 [main] INFO   monopoly.Main - На кубиках выпало число: 11
18.11.2021 22:48:02.474 [main] INFO   monopoly.Main - Игрок встал на поле: 'Facebook'
18.11.2021 22:48:05.854 [main] INFO   monopoly.Main - Оплата ренты
18.11.2021 22:48:05.854 [main] INFO   monopoly.Main - Ход игрока 1
18.11.2021 22:48:17.963 [main] INFO   monopoly.Main - Построение филиала
18.11.2021 22:48:20.734 [main] INFO   monopoly.Main - На кубиках выпало число: 5
18.11.2021 22:48:20.734 [main] INFO   monopoly.Main - Игрок встал на поле:'Nike'
18.11.2021 22:48:20.734 [main] INFO   monopoly.Main - Ход игрока 2
18.11.2021 22:48:26.934 [main] INFO   monopoly.Main - На кубиках выпало число: 3
18.11.2021 22:48:26.934 [main] INFO   monopoly.Main - Игрок встал на поле: 'Instagram'
18.11.2021 22:48:29.583 [main] INFO   monopoly.Main - Оплата ренты
18.11.2021 22:48:29.583 [main] INFO   monopoly.Main - Ход игрока 1
18.11.2021 22:48:35.334 [main] INFO   monopoly.Main - Построение филиала
18.11.2021 22:48:36.323 [main] INFO   monopoly.Main - На кубиках выпало число: 4
18.11.2021 22:48:36.323 [main] INFO   monopoly.Main - Игрок встал на поле: 'Событие'
18.11.2021 22:48:36.323 [main] INFO   monopoly.Main - Пропуск следующего хода
18.11.2021 22:48:36.323 [main] INFO   monopoly.Main - Ход игрока 2
18.11.2021 22:48:43.338 [main] INFO   monopoly.Main - Сохранение игры
18.11.2021 22:48:50.014 [main] INFO   monopoly.Main - Игрок сдался
18.11.2021 22:48:50.014 [main] INFO   monopoly.Main - Победил игрок 1
18.11.2021 23:55:42.622 [main] INFO   monopoly.Main - Ход игрока 2
18.11.2021 23:56:08.126 [main] INFO   monopoly.Main - На кубиках выпало число: 7
18.11.2021 23:56:08.131 [main] INFO   monopoly.Main - Игрок встал на поле: Russian airlines
18.11.2021 23:56:10.261 [main] INFO   monopoly.Main - Покупка поля
18.11.2021 23:56:10.261 [main] INFO   monopoly.Main - Ход игрока 1
18.11.2021 23:56:16.423 [main] INFO   monopoly.Main - Сохранение игры
18.11.2021 23:56:21.278 [main] INFO   monopoly.Main - Игрок сдался
18.11.2021 23:56:21.278 [main] INFO   monopoly.Main - Победил игрок 2
18.11.2021 23:56:30.835 [main] INFO   monopoly.Main - Ход игрока 1
18.11.2021 23:56:35.598 [main] INFO   monopoly.Main - На кубиках выпало число: 3
18.11.2021 23:56:35.602 [main] INFO   monopoly.Main - Игрок встал на поле: 'Fanta'
18.11.2021 23:56:37.317 [main] INFO   monopoly.Main - Покупка поля
18.11.2021 23:56:37.317 [main] INFO   monopoly.Main - Ход игрока 2
18.11.2021 23:56:40.595 [main] INFO   monopoly.Main - Сохранение игры
18.11.2021 23:56:43.486 [main] INFO   monopoly.Main - Игрок сдался
18.11.2021 23:56:43.486 [main] INFO   monopoly.Main - Победил игрок 1
18.11.2021 23:56:49.529 [main] INFO   monopoly.Main - Ход игрока 1
