17.11.2021 11:13:25.610 [main] INFO   monopoly.Main - Игра началась
17.11.2021 11:13:25.617 [main] INFO   monopoly.Main - Ход игрока 1
17.11.2021 11:13:28.569 [main] INFO   monopoly.Main - На кубиках выпало число: 10
17.11.2021 11:13:28.573 [main] INFO   monopoly.Main - Игрок встал на поле:  'Тюрьма'
17.11.2021 11:13:37.023 [main] INFO   monopoly.Main - Покупка поля
17.11.2021 11:13:37.024 [main] INFO   monopoly.Main - Ход игрока 2
17.11.2021 11:13:39.296 [main] INFO   monopoly.Main - На кубиках выпало число: 5
17.11.2021 11:13:39.296 [main] INFO   monopoly.Main - Игрок встал на поле: 'Mercedes-Benz'
17.11.2021 11:13:40.936 [main] INFO   monopoly.Main - Покупка поля
17.11.2021 11:13:40.936 [main] INFO   monopoly.Main - Ход игрока 1
17.11.2021 11:13:43.304 [main] INFO   monopoly.Main - На кубиках выпало число: 8
17.11.2021 11:13:43.304 [main] INFO   monopoly.Main - Игрок встал на поле:  'Sprite'
17.11.2021 11:13:45.288 [main] INFO   monopoly.Main - Отказ от покупки поля
17.11.2021 11:13:45.288 [main] INFO   monopoly.Main - Ход игрока 2
17.11.2021 11:13:47.607 [main] INFO   monopoly.Main - Игрок сдался
17.11.2021 11:13:47.608 [main] INFO   monopoly.Main - Победил игрок 1
17.11.2021 11:14:38.082 [main] INFO   monopoly.Main - Игра началась
17.11.2021 11:14:38.089 [main] INFO   monopoly.Main - Ход игрока 1
17.11.2021 11:14:39.513 [main] INFO   monopoly.Main - На кубиках выпало число: 8
17.11.2021 11:14:39.517 [main] INFO   monopoly.Main - Игрок встал на поле:'Событие'
17.11.2021 11:14:39.518 [main] INFO   monopoly.Main - Оплата штрафа в размере 1000
17.11.2021 11:14:39.518 [main] INFO   monopoly.Main - Ход игрока 2
17.11.2021 11:14:42.064 [main] INFO   monopoly.Main - На кубиках выпало число: 7
17.11.2021 11:14:42.064 [main] INFO   monopoly.Main - Игрок встал на поле:'Adidas'
17.11.2021 11:14:44.600 [main] INFO   monopoly.Main - Оплата ренты
17.11.2021 11:14:44.600 [main] INFO   monopoly.Main - Ход игрока 3
17.11.2021 11:14:46.480 [main] INFO   monopoly.Main - На кубиках выпало число: 3
17.11.2021 11:14:46.480 [main] INFO   monopoly.Main - Игрок встал на поле:'Chanel'
17.11.2021 11:14:48.800 [main] INFO   monopoly.Main - Покупка поля
17.11.2021 11:14:48.800 [main] INFO   monopoly.Main - Ход игрока 1
17.11.2021 11:14:50.416 [main] INFO   monopoly.Main - На кубиках выпало число: 4
17.11.2021 11:14:50.416 [main] INFO   monopoly.Main - Игрок встал на поле: 'YouTube'
17.11.2021 11:14:50.416 [main] INFO   monopoly.Main - Ход игрока 2
17.11.2021 11:14:53.600 [main] INFO   monopoly.Main - Игрок сдался
17.11.2021 11:14:53.600 [main] INFO   monopoly.Main - Ход игрока 3
17.11.2021 11:15:17.184 [main] INFO   monopoly.Main - Игрок сдался
17.11.2021 11:15:17.185 [main] INFO   monopoly.Main - Победил игрок 1
